<?xml version="1.0" encoding="UTF-8"?>
<!-- Generated by org.testng.reporters.JUnitXMLReporter -->
<testsuite hostname="DESKTOP-2FFOULV" ignored="1" name="Default test" tests="1" failures="1" timestamp="12 kwi 2018 08:37:51 GMT" time="0.395" errors="0">
  <testcase name="testMethod2" time="0.323" classname="TestNG.TimeoutTestMethods">
    <failure type="org.testng.internal.thread.ThreadTimeoutException" message="Method TestNG.TimeoutTestMethods.testMethod2() didn&amp;apos;t finish within the time-out 300">
      <![CDATA[org.testng.internal.thread.ThreadTimeoutException: Method TestNG.TimeoutTestMethods.testMethod2() didn't finish within the time-out 300
]]>
    </failure>
  </testcase> <!-- testMethod2 -->
  <testcase name="testMethod1" time="0.0" classname="TestNG.TimeoutTestMethods">
    <ignored/>
  </testcase> <!-- testMethod1 -->
</testsuite> <!-- Default test -->
