<?xml version="1.0" encoding="UTF-8"?>
<!-- Generated by org.testng.reporters.JUnitXMLReporter -->
<testsuite hostname="DESKTOP-2FFOULV" ignored="2" name="GroupsDemo" tests="2" failures="0" timestamp="12 kwi 2018 08:06:23 GMT" time="0.106" errors="0">
  <testcase name="testAudiA6" time="0.015" classname="TestNG.TestGrouping"/>
  <testcase name="testBMWX6" time="0.003" classname="TestNG.TestGrouping"/>
  <testcase name="testKawasakiNinja" time="0.0" classname="TestNG.TestGrouping">
    <ignored/>
  </testcase> <!-- testKawasakiNinja -->
  <testcase name="testHondaCBR" time="0.0" classname="TestNG.TestGrouping">
    <ignored/>
  </testcase> <!-- testHondaCBR -->
</testsuite> <!-- GroupsDemo -->
