<?xml version="1.0" encoding="UTF-8"?>
<!-- Generated by org.testng.reporters.JUnitXMLReporter -->
<testsuite hostname="DESKTOP-2FFOULV" ignored="0" name="Application Test" tests="3" failures="1" timestamp="13 kwi 2018 11:03:22 GMT" time="0.063" errors="0">
  <testcase name="testMethod2" time="0.016" classname="AdvancedReporting.ReportsAndLogs">
    <failure type="java.lang.AssertionError" message="expected [true] but found [false]">
      <![CDATA[java.lang.AssertionError: expected [true] but found [false]
at AdvancedReporting.ReportsAndLogs.testMethod2(ReportsAndLogs.java:41)
... Removed 29 stack frames]]>
    </failure>
  </testcase> <!-- testMethod2 -->
  <testcase name="testMethod1" time="0.0" classname="AdvancedReporting.ReportsAndLogs"/>
  <testcase name="testMethod3" time="0.0" classname="AdvancedReporting.ReportsAndLogs">
    <skipped/>
  </testcase> <!-- testMethod3 -->
</testsuite> <!-- Application Test -->
