<?xml version="1.0" encoding="UTF-8"?>
<!-- Generated by org.testng.reporters.JUnitXMLReporter -->
<testsuite hostname="DESKTOP-2FFOULV" ignored="0" name="Application Test" tests="4" failures="0" timestamp="11 kwi 2018 07:30:13 GMT" time="0.085" errors="0">
  <testcase name="testMethod1" time="0.003" classname="TestNG.RunningTestSuite_TestClass1"/>
  <testcase name="testMethod2" time="0.0" classname="TestNG.RunningTestSuite_TestClass1"/>
  <testcase name="testMethod1" time="0.0" classname="TestNG.RunningTestSuite_TestClass2"/>
  <testcase name="testMethod2" time="0.0" classname="TestNG.RunningTestSuite_TestClass2"/>
</testsuite> <!-- Application Test -->
