<?xml version="1.0" encoding="UTF-8"?>
<testng-results skipped="0" failed="1" ignored="1" total="2" passed="0">
  <reporter-output>
  </reporter-output>
  <suite name="Default suite" duration-ms="395" started-at="2018-04-12T08:37:50Z" finished-at="2018-04-12T08:37:51Z">
    <groups>
    </groups>
    <test name="Default test" duration-ms="395" started-at="2018-04-12T08:37:50Z" finished-at="2018-04-12T08:37:51Z">
      <class name="TestNG.TimeoutTestMethods">
        <test-method status="PASS" signature="setUp()[pri:0, instance:TestNG.TimeoutTestMethods@1bce4f0a]" name="setUp" is-config="true" duration-ms="28" started-at="2018-04-12T08:37:50Z" finished-at="2018-04-12T08:37:50Z">
          <reporter-output>
          </reporter-output>
        </test-method> <!-- setUp -->
        <test-method status="FAIL" signature="testMethod2()[pri:0, instance:TestNG.TimeoutTestMethods@1bce4f0a]" name="testMethod2" duration-ms="323" started-at="2018-04-12T08:37:50Z" finished-at="2018-04-12T08:37:51Z">
          <exception class="org.testng.internal.thread.ThreadTimeoutException">
            <message>
              <![CDATA[Method TestNG.TimeoutTestMethods.testMethod2() didn't finish within the time-out 300]]>
            </message>
            <full-stacktrace>
              <![CDATA[org.testng.internal.thread.ThreadTimeoutException: Method TestNG.TimeoutTestMethods.testMethod2() didn't finish within the time-out 300
]]>
            </full-stacktrace>
          </exception> <!-- org.testng.internal.thread.ThreadTimeoutException -->
          <reporter-output>
          </reporter-output>
        </test-method> <!-- testMethod2 -->
        <test-method status="PASS" signature="cleanUp()[pri:0, instance:TestNG.TimeoutTestMethods@1bce4f0a]" name="cleanUp" is-config="true" duration-ms="1" started-at="2018-04-12T08:37:51Z" finished-at="2018-04-12T08:37:51Z">
          <reporter-output>
          </reporter-output>
        </test-method> <!-- cleanUp -->
      </class> <!-- TestNG.TimeoutTestMethods -->
    </test> <!-- Default test -->
  </suite> <!-- Default suite -->
</testng-results>
